Using pre-set license
Built from '2020.2/release' branch; Version is '2020.2.1f1 (270dd8c3da1c) revision 2559448'; Using compiler version '192528614'; Build Type 'Release'
OS: 'Windows 10  (10.0.0) 64bit' Language: 'es' Physical Memory: 12220 MB
BatchMode: 1, IsHumanControllingUs: 0, StartBugReporterOnCrash: 0, Is64bit: 1, IsPro: 0

 COMMAND LINE ARGUMENTS:
D:\Descargas\apps\Unity\Editor\2020.2.1f1\Editor\Unity.exe
-adb2
-batchMode
-noUpm
-name
AssetImportWorker0
-projectPath
D:/Descargas/apps/Unity/proyectos/Ulsa-2d-project
-logFile
Logs/AssetImportWorker0.log
-srvPort
51368
Successfully changed project path to: D:/Descargas/apps/Unity/proyectos/Ulsa-2d-project
D:/Descargas/apps/Unity/proyectos/Ulsa-2d-project
Using Asset Import Pipeline V2.
Refreshing native plugins compatible for Editor in 115.18 ms, found 1 plugins.
Preloading 0 native plugins for Editor in 0.00 ms.
Initialize engine version: 2020.2.1f1 (270dd8c3da1c)
[Subsystems] Discovering subsystems at path D:/Descargas/apps/Unity/Editor/2020.2.1f1/Editor/Data/Resources/UnitySubsystems
[Subsystems] Discovering subsystems at path D:/Descargas/apps/Unity/proyectos/Ulsa-2d-project/Assets
GfxDevice: creating device client; threaded=0
Direct3D:
    Version:  Direct3D 11.0 [level 11.0]
    Renderer: NVIDIA GeForce GT 740 (ID=0xfc8)
    Vendor:   
    VRAM:     2007 MB
    Driver:   27.21.14.5167
Initialize mono
Mono path[0] = 'D:/Descargas/apps/Unity/Editor/2020.2.1f1/Editor/Data/Managed'
Mono path[1] = 'D:/Descargas/apps/Unity/Editor/2020.2.1f1/Editor/Data/MonoBleedingEdge/lib/mono/unityjit'
Mono config path = 'D:/Descargas/apps/Unity/Editor/2020.2.1f1/Editor/Data/MonoBleedingEdge/etc'
Using monoOptions --debugger-agent=transport=dt_socket,embedding=1,server=y,suspend=n,address=127.0.0.1:56316
Begin MonoManager ReloadAssembly
Registering precompiled unity dll's ...
Register platform support module: D:/Descargas/apps/Unity/Editor/2020.2.1f1/Editor/Data/PlaybackEngines/WindowsStandaloneSupport/UnityEditor.WindowsStandalone.Extensions.dll
Registered in 0.001412 seconds.
Native extension for WindowsStandalone target not found
Refreshing native plugins compatible for Editor in 124.74 ms, found 1 plugins.
Preloading 0 native plugins for Editor in 0.00 ms.
Invoked RoslynAnalysisRunner static constructor.
RoslynAnalysisRunner will not be running.
RoslynAnalysisRunner has terminated.
Mono: successfully reloaded assembly
- Completed reload, in  8.095 seconds
Platform modules already initialized, skipping
Registering precompiled user dll's ...
Registered in 0.002452 seconds.
Begin MonoManager ReloadAssembly
Native extension for WindowsStandalone target not found
Refreshing native plugins compatible for Editor in 114.22 ms, found 1 plugins.
Preloading 0 native plugins for Editor in 0.00 ms.
Invoked RoslynAnalysisRunner static constructor.
RoslynAnalysisRunner will not be running.
RoslynAnalysisRunner has terminated.
Mono: successfully reloaded assembly
- Completed reload, in  2.001 seconds
Platform modules already initialized, skipping
========================================================================
Worker process is ready to serve import requests
Shader 'Universal Render Pipeline/Particles/Lit': fallback shader 'Universal Render Pipeline/Particles/SimpleLit' not found
Shader 'Universal Render Pipeline/Particles/Lit': fallback shader 'Universal Render Pipeline/Particles/SimpleLit' not found
Launched and connected shader compiler UnityShaderCompiler.exe after 0.12 seconds
Refreshing native plugins compatible for Editor in 1.20 ms, found 1 plugins.
Preloading 0 native plugins for Editor in 0.00 ms.
Unloading 3682 Unused Serialized files (Serialized files now loaded: 0)
System memory in use before: 155.0 MB.
System memory in use after: 152.9 MB.

Unloading 53 unused Assets to reduce memory usage. Loaded Objects now: 4100.
Total: 6.042700 ms (FindLiveObjects: 0.484700 ms CreateObjectMapping: 0.326000 ms MarkObjects: 3.614000 ms  DeleteObjects: 1.615900 ms)

========================================================================
Received Import Request.
  path: Assets/Scripts/Score.cs
  artifactKey: Guid(e2f77821bbec80e419174c87512ea43b) Importer(815301076,1909f56bfc062723c751e8b465ee728b)
Start importing Assets/Scripts/Score.cs using Guid(e2f77821bbec80e419174c87512ea43b) Importer(815301076,1909f56bfc062723c751e8b465ee728b)  -> (artifact id: '7e4e98085951539b146d387b1d4a9329') in 0.073359 seconds
  Import took 0.083162 seconds .

========================================================================
Received Prepare
Registering precompiled user dll's ...
Registered in 0.002744 seconds.
Begin MonoManager ReloadAssembly
Native extension for WindowsStandalone target not found
Refreshing native plugins compatible for Editor in 1.17 ms, found 1 plugins.
Preloading 0 native plugins for Editor in 0.00 ms.
Invoked RoslynAnalysisRunner static constructor.
RoslynAnalysisRunner will not be running.
RoslynAnalysisRunner has terminated.
Mono: successfully reloaded assembly
- Completed reload, in  1.709 seconds
Platform modules already initialized, skipping
Shader 'Universal Render Pipeline/Particles/Lit': fallback shader 'Universal Render Pipeline/Particles/SimpleLit' not found
Shader 'Universal Render Pipeline/Particles/Lit': fallback shader 'Universal Render Pipeline/Particles/SimpleLit' not found
Refreshing native plugins compatible for Editor in 1.44 ms, found 1 plugins.
Preloading 0 native plugins for Editor in 0.00 ms.
Unloading 3577 Unused Serialized files (Serialized files now loaded: 0)
System memory in use before: 149.9 MB.
System memory in use after: 147.8 MB.

Unloading 41 unused Assets to reduce memory usage. Loaded Objects now: 4103.
Total: 8.253700 ms (FindLiveObjects: 0.671900 ms CreateObjectMapping: 0.586500 ms MarkObjects: 5.195100 ms  DeleteObjects: 1.797800 ms)

========================================================================
Received Prepare
Registering precompiled user dll's ...
Registered in 0.003110 seconds.
Begin MonoManager ReloadAssembly
Native extension for WindowsStandalone target not found
Refreshing native plugins compatible for Editor in 5.09 ms, found 1 plugins.
Preloading 0 native plugins for Editor in 0.00 ms.
Invoked RoslynAnalysisRunner static constructor.
RoslynAnalysisRunner will not be running.
RoslynAnalysisRunner has terminated.
Mono: successfully reloaded assembly
- Completed reload, in  2.132 seconds
Platform modules already initialized, skipping
Shader 'Universal Render Pipeline/Particles/Lit': fallback shader 'Universal Render Pipeline/Particles/SimpleLit' not found
Shader 'Universal Render Pipeline/Particles/Lit': fallback shader 'Universal Render Pipeline/Particles/SimpleLit' not found
Refreshing native plugins compatible for Editor in 0.96 ms, found 1 plugins.
Preloading 0 native plugins for Editor in 0.00 ms.
Unloading 3577 Unused Serialized files (Serialized files now loaded: 0)
System memory in use before: 150.9 MB.
System memory in use after: 148.9 MB.

Unloading 41 unused Assets to reduce memory usage. Loaded Objects now: 4106.
Total: 6.587800 ms (FindLiveObjects: 0.533700 ms CreateObjectMapping: 0.483600 ms MarkObjects: 3.620800 ms  DeleteObjects: 1.947800 ms)

========================================================================
Received Prepare
Registering precompiled user dll's ...
Registered in 0.003527 seconds.
Begin MonoManager ReloadAssembly
Native extension for WindowsStandalone target not found
Refreshing native plugins compatible for Editor in 0.86 ms, found 1 plugins.
Preloading 0 native plugins for Editor in 0.00 ms.
Invoked RoslynAnalysisRunner static constructor.
RoslynAnalysisRunner will not be running.
RoslynAnalysisRunner has terminated.
Mono: successfully reloaded assembly
- Completed reload, in  1.653 seconds
Platform modules already initialized, skipping
Shader 'Universal Render Pipeline/Particles/Lit': fallback shader 'Universal Render Pipeline/Particles/SimpleLit' not found
Shader 'Universal Render Pipeline/Particles/Lit': fallback shader 'Universal Render Pipeline/Particles/SimpleLit' not found
Refreshing native plugins compatible for Editor in 0.90 ms, found 1 plugins.
Preloading 0 native plugins for Editor in 0.00 ms.
Unloading 3577 Unused Serialized files (Serialized files now loaded: 0)
System memory in use before: 151.0 MB.
System memory in use after: 148.9 MB.

Unloading 41 unused Assets to reduce memory usage. Loaded Objects now: 4109.
Total: 9.267000 ms (FindLiveObjects: 0.628100 ms CreateObjectMapping: 0.505300 ms MarkObjects: 5.549400 ms  DeleteObjects: 2.581400 ms)

========================================================================
Received Prepare
Registering precompiled user dll's ...
Registered in 0.002492 seconds.
Begin MonoManager ReloadAssembly
Native extension for WindowsStandalone target not found
Refreshing native plugins compatible for Editor in 0.91 ms, found 1 plugins.
Preloading 0 native plugins for Editor in 0.00 ms.
Invoked RoslynAnalysisRunner static constructor.
RoslynAnalysisRunner will not be running.
RoslynAnalysisRunner has terminated.
Mono: successfully reloaded assembly
- Completed reload, in  1.924 seconds
Platform modules already initialized, skipping
Shader 'Universal Render Pipeline/Particles/Lit': fallback shader 'Universal Render Pipeline/Particles/SimpleLit' not found
Shader 'Universal Render Pipeline/Particles/Lit': fallback shader 'Universal Render Pipeline/Particles/SimpleLit' not found
Refreshing native plugins compatible for Editor in 0.94 ms, found 1 plugins.
Preloading 0 native plugins for Editor in 0.00 ms.
Unloading 3577 Unused Serialized files (Serialized files now loaded: 0)
System memory in use before: 150.8 MB.
System memory in use after: 148.8 MB.

Unloading 41 unused Assets to reduce memory usage. Loaded Objects now: 4112.
Total: 7.292900 ms (FindLiveObjects: 0.971300 ms CreateObjectMapping: 0.662400 ms MarkObjects: 3.096600 ms  DeleteObjects: 2.560500 ms)

========================================================================
Received Prepare
Registering precompiled user dll's ...
Registered in 0.006534 seconds.
Begin MonoManager ReloadAssembly
Native extension for WindowsStandalone target not found
Refreshing native plugins compatible for Editor in 2.58 ms, found 1 plugins.
Preloading 0 native plugins for Editor in 0.00 ms.
Invoked RoslynAnalysisRunner static constructor.
RoslynAnalysisRunner will not be running.
RoslynAnalysisRunner has terminated.
Mono: successfully reloaded assembly
- Completed reload, in  2.536 seconds
Platform modules already initialized, skipping
Shader 'Universal Render Pipeline/Particles/Lit': fallback shader 'Universal Render Pipeline/Particles/SimpleLit' not found
Shader 'Universal Render Pipeline/Particles/Lit': fallback shader 'Universal Render Pipeline/Particles/SimpleLit' not found
Refreshing native plugins compatible for Editor in 1.23 ms, found 1 plugins.
Preloading 0 native plugins for Editor in 0.00 ms.
Unloading 3577 Unused Serialized files (Serialized files now loaded: 0)
System memory in use before: 151.0 MB.
System memory in use after: 148.9 MB.

Unloading 41 unused Assets to reduce memory usage. Loaded Objects now: 4115.
Total: 6.075800 ms (FindLiveObjects: 0.564000 ms CreateObjectMapping: 0.267800 ms MarkObjects: 2.871000 ms  DeleteObjects: 2.370200 ms)

========================================================================
Received Prepare
Registering precompiled user dll's ...
Registered in 0.003583 seconds.
Begin MonoManager ReloadAssembly
Native extension for WindowsStandalone target not found
Refreshing native plugins compatible for Editor in 1.05 ms, found 1 plugins.
Preloading 0 native plugins for Editor in 0.00 ms.
Invoked RoslynAnalysisRunner static constructor.
RoslynAnalysisRunner will not be running.
RoslynAnalysisRunner has terminated.
Mono: successfully reloaded assembly
- Completed reload, in  2.359 seconds
Platform modules already initialized, skipping
Shader 'Universal Render Pipeline/Particles/Lit': fallback shader 'Universal Render Pipeline/Particles/SimpleLit' not found
Shader 'Universal Render Pipeline/Particles/Lit': fallback shader 'Universal Render Pipeline/Particles/SimpleLit' not found
Refreshing native plugins compatible for Editor in 1.03 ms, found 1 plugins.
Preloading 0 native plugins for Editor in 0.00 ms.
Unloading 3577 Unused Serialized files (Serialized files now loaded: 0)
System memory in use before: 151.0 MB.
System memory in use after: 148.9 MB.

Unloading 41 unused Assets to reduce memory usage. Loaded Objects now: 4118.
Total: 7.507100 ms (FindLiveObjects: 0.644900 ms CreateObjectMapping: 0.489300 ms MarkObjects: 3.929600 ms  DeleteObjects: 2.441500 ms)

========================================================================
Received Prepare
Registering precompiled user dll's ...
Registered in 0.002794 seconds.
Begin MonoManager ReloadAssembly
Native extension for WindowsStandalone target not found
Refreshing native plugins compatible for Editor in 1.16 ms, found 1 plugins.
Preloading 0 native plugins for Editor in 0.00 ms.
Invoked RoslynAnalysisRunner static constructor.
RoslynAnalysisRunner will not be running.
RoslynAnalysisRunner has terminated.
Mono: successfully reloaded assembly
- Completed reload, in  1.905 seconds
Platform modules already initialized, skipping
Shader 'Universal Render Pipeline/Particles/Lit': fallback shader 'Universal Render Pipeline/Particles/SimpleLit' not found
Shader 'Universal Render Pipeline/Particles/Lit': fallback shader 'Universal Render Pipeline/Particles/SimpleLit' not found
Refreshing native plugins compatible for Editor in 1.08 ms, found 1 plugins.
Preloading 0 native plugins for Editor in 0.00 ms.
Unloading 3577 Unused Serialized files (Serialized files now loaded: 0)
System memory in use before: 151.0 MB.
System memory in use after: 148.9 MB.

Unloading 41 unused Assets to reduce memory usage. Loaded Objects now: 4121.
Total: 6.902000 ms (FindLiveObjects: 0.622100 ms CreateObjectMapping: 0.660500 ms MarkObjects: 3.637000 ms  DeleteObjects: 1.980400 ms)

========================================================================
Received Prepare
Registering precompiled user dll's ...
Registered in 0.006620 seconds.
Begin MonoManager ReloadAssembly
Native extension for WindowsStandalone target not found
Refreshing native plugins compatible for Editor in 1.19 ms, found 1 plugins.
Preloading 0 native plugins for Editor in 0.00 ms.
Invoked RoslynAnalysisRunner static constructor.
RoslynAnalysisRunner will not be running.
RoslynAnalysisRunner has terminated.
Mono: successfully reloaded assembly
- Completed reload, in  1.928 seconds
Platform modules already initialized, skipping
Shader 'Universal Render Pipeline/Particles/Lit': fallback shader 'Universal Render Pipeline/Particles/SimpleLit' not found
Shader 'Universal Render Pipeline/Particles/Lit': fallback shader 'Universal Render Pipeline/Particles/SimpleLit' not found
Refreshing native plugins compatible for Editor in 1.12 ms, found 1 plugins.
Preloading 0 native plugins for Editor in 0.00 ms.
Unloading 3577 Unused Serialized files (Serialized files now loaded: 0)
System memory in use before: 151.0 MB.
System memory in use after: 148.9 MB.

Unloading 41 unused Assets to reduce memory usage. Loaded Objects now: 4124.
Total: 12.058600 ms (FindLiveObjects: 0.798600 ms CreateObjectMapping: 0.743600 ms MarkObjects: 6.545000 ms  DeleteObjects: 3.967100 ms)

========================================================================
Received Import Request.
  Time since last request: 2282.470302 seconds.
  path: Assets/Sprites/coin 1.prefab
  artifactKey: Guid(df566ec756ea7a34ba0f0c63dd178b98) Importer(815301076,1909f56bfc062723c751e8b465ee728b)
Start importing Assets/Sprites/coin 1.prefab using Guid(df566ec756ea7a34ba0f0c63dd178b98) Importer(815301076,1909f56bfc062723c751e8b465ee728b)  -> (artifact id: 'ae9649666f5eca863399fc14cb1ebdea') in 0.408512 seconds
  Import took 0.419140 seconds .

========================================================================
Received Import Request.
  Time since last request: 13.199750 seconds.
  path: Assets/Sprites/super coin.prefab
  artifactKey: Guid(df566ec756ea7a34ba0f0c63dd178b98) Importer(815301076,1909f56bfc062723c751e8b465ee728b)
Start importing Assets/Sprites/super coin.prefab using Guid(df566ec756ea7a34ba0f0c63dd178b98) Importer(815301076,1909f56bfc062723c751e8b465ee728b)  -> (artifact id: '5539832696ee163788ea8c5edac28c4c') in 0.068763 seconds
  Import took 0.079178 seconds .

========================================================================
Received Import Request.
  Time since last request: 14.538929 seconds.
  path: Assets/Sprites/super coin.prefab
  artifactKey: Guid(df566ec756ea7a34ba0f0c63dd178b98) Importer(815301076,1909f56bfc062723c751e8b465ee728b)
Start importing Assets/Sprites/super coin.prefab using Guid(df566ec756ea7a34ba0f0c63dd178b98) Importer(815301076,1909f56bfc062723c751e8b465ee728b)  -> (artifact id: '794f26308d8eb59923cd91adf0cfdcf7') in 0.046186 seconds
  Import took 0.060042 seconds .

========================================================================
Received Import Request.
  Time since last request: 9.131606 seconds.
  path: Assets/Sprites/super coin.prefab
  artifactKey: Guid(df566ec756ea7a34ba0f0c63dd178b98) Importer(815301076,1909f56bfc062723c751e8b465ee728b)
Start importing Assets/Sprites/super coin.prefab using Guid(df566ec756ea7a34ba0f0c63dd178b98) Importer(815301076,1909f56bfc062723c751e8b465ee728b)  -> (artifact id: '58753bfe07578128901e781bfd6a4508') in 0.050294 seconds
  Import took 0.065210 seconds .

========================================================================
Received Import Request.
  Time since last request: 35.345515 seconds.
  path: Assets/Sprites/super coin brush.asset
  artifactKey: Guid(c8a79adcde2bddc42ac06cac75115021) Importer(815301076,1909f56bfc062723c751e8b465ee728b)
Start importing Assets/Sprites/super coin brush.asset using Guid(c8a79adcde2bddc42ac06cac75115021) Importer(815301076,1909f56bfc062723c751e8b465ee728b)  -> (artifact id: '01fbf2d8234487f075c341398bac8682') in 0.049797 seconds
  Import took 0.089630 seconds .

========================================================================
Received Prepare
Registering precompiled user dll's ...
Registered in 0.006960 seconds.
Begin MonoManager ReloadAssembly
Native extension for WindowsStandalone target not found
Refreshing native plugins compatible for Editor in 1.29 ms, found 1 plugins.
Preloading 0 native plugins for Editor in 0.00 ms.
Invoked RoslynAnalysisRunner static constructor.
RoslynAnalysisRunner will not be running.
RoslynAnalysisRunner has terminated.
Mono: successfully reloaded assembly
- Completed reload, in  2.015 seconds
Platform modules already initialized, skipping
Shader 'Universal Render Pipeline/Particles/Lit': fallback shader 'Universal Render Pipeline/Particles/SimpleLit' not found
Shader 'Universal Render Pipeline/Particles/Lit': fallback shader 'Universal Render Pipeline/Particles/SimpleLit' not found
Refreshing native plugins compatible for Editor in 1.11 ms, found 1 plugins.
Preloading 0 native plugins for Editor in 0.00 ms.
Unloading 3577 Unused Serialized files (Serialized files now loaded: 0)
System memory in use before: 156.1 MB.
System memory in use after: 154.1 MB.

Unloading 41 unused Assets to reduce memory usage. Loaded Objects now: 4172.
Total: 7.652200 ms (FindLiveObjects: 0.732800 ms CreateObjectMapping: 0.499900 ms MarkObjects: 3.969600 ms  DeleteObjects: 2.447400 ms)

========================================================================
Received Import Request.
  Time since last request: 517.889789 seconds.
  path: Assets/Sprites/grass brush.asset
  artifactKey: Guid(ce32663331150ed40857ea403405f8df) Importer(815301076,1909f56bfc062723c751e8b465ee728b)
Start importing Assets/Sprites/grass brush.asset using Guid(ce32663331150ed40857ea403405f8df) Importer(815301076,1909f56bfc062723c751e8b465ee728b)  -> (artifact id: '0f32ebf714be535d0876abaf908d4a09') in 0.078293 seconds
  Import took 0.102885 seconds .

========================================================================
Received Import Request.
  Time since last request: 83.139887 seconds.
  path: Assets/Sprites/EnvironmentProps_TileSet.png
  artifactKey: Guid(3d9dbf38d6d61884c81c1fd29c6497ab) Importer(815301076,1909f56bfc062723c751e8b465ee728b)
Start importing Assets/Sprites/EnvironmentProps_TileSet.png using Guid(3d9dbf38d6d61884c81c1fd29c6497ab) Importer(815301076,1909f56bfc062723c751e8b465ee728b)  -> (artifact id: 'a6432a7f6035ea44d06889e0593040d8') in 0.117077 seconds
  Import took 0.128456 seconds .

========================================================================
Received Import Request.
  Time since last request: 101.749920 seconds.
  path: Assets/Sprites/EnvironmentProps_TileSet.png
  artifactKey: Guid(3d9dbf38d6d61884c81c1fd29c6497ab) Importer(815301076,1909f56bfc062723c751e8b465ee728b)
Start importing Assets/Sprites/EnvironmentProps_TileSet.png using Guid(3d9dbf38d6d61884c81c1fd29c6497ab) Importer(815301076,1909f56bfc062723c751e8b465ee728b)  -> (artifact id: 'b9a127ebab36a5596727783ceda1dbd2') in 0.062670 seconds
  Import took 0.092431 seconds .

========================================================================
Received Import Request.
  Time since last request: 236.317513 seconds.
  path: Assets/Sprites/EnvironmentProps_TileSet.png
  artifactKey: Guid(3d9dbf38d6d61884c81c1fd29c6497ab) Importer(815301076,1909f56bfc062723c751e8b465ee728b)
Start importing Assets/Sprites/EnvironmentProps_TileSet.png using Guid(3d9dbf38d6d61884c81c1fd29c6497ab) Importer(815301076,1909f56bfc062723c751e8b465ee728b)  -> (artifact id: 'fc647db24ffd5df56318cba510ef9d83') in 0.152914 seconds
  Import took 0.165495 seconds .

AssetImportWorkerClient::OnTransportError - code=2 error=End of file
